Determining if the pthread_create exist failed with the following output:
Change Dir: /home/ahg/development/cmake_experimentation/library/mylibrary/build/CMakeFiles/CMakeTmp

Run Build Command:"/usr/bin/make" "cmTC_b3a0a/fast"
/usr/bin/make -f CMakeFiles/cmTC_b3a0a.dir/build.make CMakeFiles/cmTC_b3a0a.dir/build
make[1]: Entering directory '/home/ahg/development/cmake_experimentation/library/mylibrary/build/CMakeFiles/CMakeTmp'
Building CXX object CMakeFiles/cmTC_b3a0a.dir/CheckSymbolExists.cxx.o
/usr/bin/c++     -o CMakeFiles/cmTC_b3a0a.dir/CheckSymbolExists.cxx.o -c /home/ahg/development/cmake_experimentation/library/mylibrary/build/CMakeFiles/CMakeTmp/CheckSymbolExists.cxx
Linking CXX executable cmTC_b3a0a
/usr/bin/cmake -E cmake_link_script CMakeFiles/cmTC_b3a0a.dir/link.txt --verbose=1
/usr/bin/c++       CMakeFiles/cmTC_b3a0a.dir/CheckSymbolExists.cxx.o  -o cmTC_b3a0a 
CMakeFiles/cmTC_b3a0a.dir/CheckSymbolExists.cxx.o: In function `main':
CheckSymbolExists.cxx:(.text+0x1b): undefined reference to `pthread_create'
collect2: error: ld returned 1 exit status
CMakeFiles/cmTC_b3a0a.dir/build.make:97: recipe for target 'cmTC_b3a0a' failed
make[1]: *** [cmTC_b3a0a] Error 1
make[1]: Leaving directory '/home/ahg/development/cmake_experimentation/library/mylibrary/build/CMakeFiles/CMakeTmp'
Makefile:126: recipe for target 'cmTC_b3a0a/fast' failed
make: *** [cmTC_b3a0a/fast] Error 2

File /home/ahg/development/cmake_experimentation/library/mylibrary/build/CMakeFiles/CMakeTmp/CheckSymbolExists.cxx:
/* */
#include <pthread.h>

int main(int argc, char** argv)
{
  (void)argv;
#ifndef pthread_create
  return ((int*)(&pthread_create))[argc];
#else
  (void)argc;
  return 0;
#endif
}

Determining if the function pthread_create exists in the pthreads failed with the following output:
Change Dir: /home/ahg/development/cmake_experimentation/library/mylibrary/build/CMakeFiles/CMakeTmp

Run Build Command:"/usr/bin/make" "cmTC_c0c3a/fast"
/usr/bin/make -f CMakeFiles/cmTC_c0c3a.dir/build.make CMakeFiles/cmTC_c0c3a.dir/build
make[1]: Entering directory '/home/ahg/development/cmake_experimentation/library/mylibrary/build/CMakeFiles/CMakeTmp'
Building CXX object CMakeFiles/cmTC_c0c3a.dir/CheckFunctionExists.cxx.o
/usr/bin/c++    -DCHECK_FUNCTION_EXISTS=pthread_create   -o CMakeFiles/cmTC_c0c3a.dir/CheckFunctionExists.cxx.o -c /home/ahg/development/cmake_experimentation/library/mylibrary/build/CMakeFiles/CheckLibraryExists/CheckFunctionExists.cxx
Linking CXX executable cmTC_c0c3a
/usr/bin/cmake -E cmake_link_script CMakeFiles/cmTC_c0c3a.dir/link.txt --verbose=1
/usr/bin/c++   -DCHECK_FUNCTION_EXISTS=pthread_create    CMakeFiles/cmTC_c0c3a.dir/CheckFunctionExists.cxx.o  -o cmTC_c0c3a -lpthreads 
/usr/bin/ld: cannot find -lpthreads
collect2: error: ld returned 1 exit status
CMakeFiles/cmTC_c0c3a.dir/build.make:97: recipe for target 'cmTC_c0c3a' failed
make[1]: *** [cmTC_c0c3a] Error 1
make[1]: Leaving directory '/home/ahg/development/cmake_experimentation/library/mylibrary/build/CMakeFiles/CMakeTmp'
Makefile:126: recipe for target 'cmTC_c0c3a/fast' failed
make: *** [cmTC_c0c3a/fast] Error 2


