Determining if the pthread_create exist failed with the following output:
Change Dir: /home/ahg/development/cmake_experimentation/app/build/CMakeFiles/CMakeTmp

Run Build Command:"/usr/bin/make" "cmTC_2bdd4/fast"
/usr/bin/make -f CMakeFiles/cmTC_2bdd4.dir/build.make CMakeFiles/cmTC_2bdd4.dir/build
make[1]: Entering directory '/home/ahg/development/cmake_experimentation/app/build/CMakeFiles/CMakeTmp'
Building CXX object CMakeFiles/cmTC_2bdd4.dir/CheckSymbolExists.cxx.o
/usr/bin/c++     -o CMakeFiles/cmTC_2bdd4.dir/CheckSymbolExists.cxx.o -c /home/ahg/development/cmake_experimentation/app/build/CMakeFiles/CMakeTmp/CheckSymbolExists.cxx
Linking CXX executable cmTC_2bdd4
/usr/bin/cmake -E cmake_link_script CMakeFiles/cmTC_2bdd4.dir/link.txt --verbose=1
/usr/bin/c++       CMakeFiles/cmTC_2bdd4.dir/CheckSymbolExists.cxx.o  -o cmTC_2bdd4 
CMakeFiles/cmTC_2bdd4.dir/CheckSymbolExists.cxx.o: In function `main':
CheckSymbolExists.cxx:(.text+0x1b): undefined reference to `pthread_create'
collect2: error: ld returned 1 exit status
CMakeFiles/cmTC_2bdd4.dir/build.make:97: recipe for target 'cmTC_2bdd4' failed
make[1]: *** [cmTC_2bdd4] Error 1
make[1]: Leaving directory '/home/ahg/development/cmake_experimentation/app/build/CMakeFiles/CMakeTmp'
Makefile:126: recipe for target 'cmTC_2bdd4/fast' failed
make: *** [cmTC_2bdd4/fast] Error 2

File /home/ahg/development/cmake_experimentation/app/build/CMakeFiles/CMakeTmp/CheckSymbolExists.cxx:
/* */
#include <pthread.h>

int main(int argc, char** argv)
{
  (void)argv;
#ifndef pthread_create
  return ((int*)(&pthread_create))[argc];
#else
  (void)argc;
  return 0;
#endif
}

Determining if the function pthread_create exists in the pthreads failed with the following output:
Change Dir: /home/ahg/development/cmake_experimentation/app/build/CMakeFiles/CMakeTmp

Run Build Command:"/usr/bin/make" "cmTC_ef769/fast"
/usr/bin/make -f CMakeFiles/cmTC_ef769.dir/build.make CMakeFiles/cmTC_ef769.dir/build
make[1]: Entering directory '/home/ahg/development/cmake_experimentation/app/build/CMakeFiles/CMakeTmp'
Building CXX object CMakeFiles/cmTC_ef769.dir/CheckFunctionExists.cxx.o
/usr/bin/c++    -DCHECK_FUNCTION_EXISTS=pthread_create   -o CMakeFiles/cmTC_ef769.dir/CheckFunctionExists.cxx.o -c /home/ahg/development/cmake_experimentation/app/build/CMakeFiles/CheckLibraryExists/CheckFunctionExists.cxx
Linking CXX executable cmTC_ef769
/usr/bin/cmake -E cmake_link_script CMakeFiles/cmTC_ef769.dir/link.txt --verbose=1
/usr/bin/c++   -DCHECK_FUNCTION_EXISTS=pthread_create    CMakeFiles/cmTC_ef769.dir/CheckFunctionExists.cxx.o  -o cmTC_ef769 -lpthreads 
/usr/bin/ld: cannot find -lpthreads
collect2: error: ld returned 1 exit status
CMakeFiles/cmTC_ef769.dir/build.make:97: recipe for target 'cmTC_ef769' failed
make[1]: *** [cmTC_ef769] Error 1
make[1]: Leaving directory '/home/ahg/development/cmake_experimentation/app/build/CMakeFiles/CMakeTmp'
Makefile:126: recipe for target 'cmTC_ef769/fast' failed
make: *** [cmTC_ef769/fast] Error 2


